2024-04-14 23:27:28,761 - webserver_logger - INFO - Got request {'question': 'Percent of adults who report consuming vegetables less than one time daily', 'state': 'Georgia'}
2024-04-14 23:27:28,762 - webserver_logger - INFO - Job 79 added to the queue
2024-04-14 23:27:28,783 - webserver_logger - INFO - Got job_id 79
2024-04-14 23:27:28,783 - webserver_logger - INFO - Got data from job_id 79
2024-04-14 23:27:28,792 - webserver_logger - INFO - Got request {'question': 'Percent of adults who achieve at least 150 minutes a week of moderate-intensity aerobic physical activity or 75 minutes a week of vigorous-intensity aerobic physical activity and engage in muscle-strengthening activities on 2 or more days a week', 'state': 'Wisconsin'}
2024-04-14 23:27:28,793 - webserver_logger - INFO - Job 80 added to the queue
2024-04-14 23:27:28,817 - webserver_logger - INFO - Got job_id 80
2024-04-14 23:27:28,817 - webserver_logger - INFO - Got data from job_id 80
2024-04-14 23:27:28,828 - webserver_logger - INFO - Got request {'question': 'Percent of adults who engage in muscle-strengthening activities on 2 or more days a week', 'state': 'Oklahoma'}
2024-04-14 23:27:28,828 - webserver_logger - INFO - Job 81 added to the queue
2024-04-14 23:27:28,853 - webserver_logger - INFO - Got job_id 81
2024-04-14 23:27:28,854 - webserver_logger - INFO - Got data from job_id 81
2024-04-14 23:27:29,065 - webserver_logger - INFO - Got job_id 81
2024-04-14 23:27:29,066 - webserver_logger - INFO - Got data from job_id 81
2024-04-14 23:27:29,075 - webserver_logger - INFO - Got request {'question': 'Percent of adults who achieve at least 150 minutes a week of moderate-intensity aerobic physical activity or 75 minutes a week of vigorous-intensity aerobic physical activity and engage in muscle-strengthening activities on 2 or more days a week', 'state': 'Georgia'}
2024-04-14 23:27:29,076 - webserver_logger - INFO - Job 82 added to the queue
2024-04-14 23:27:29,095 - webserver_logger - INFO - Got job_id 82
2024-04-14 23:27:29,096 - webserver_logger - INFO - Got data from job_id 82
2024-04-14 23:27:29,306 - webserver_logger - INFO - Got job_id 82
2024-04-14 23:27:29,307 - webserver_logger - INFO - Got data from job_id 82
2024-04-14 23:27:29,317 - webserver_logger - INFO - Got request {'question': 'Percent of adults who engage in muscle-strengthening activities on 2 or more days a week', 'state': 'Connecticut'}
2024-04-14 23:27:29,317 - webserver_logger - INFO - Job 83 added to the queue
2024-04-14 23:27:29,342 - webserver_logger - INFO - Got job_id 83
2024-04-14 23:27:29,342 - webserver_logger - INFO - Got data from job_id 83
2024-04-14 23:27:29,552 - webserver_logger - INFO - Got job_id 83
2024-04-14 23:27:29,552 - webserver_logger - INFO - Got data from job_id 83
2024-04-14 23:27:29,563 - webserver_logger - INFO - Got request {'question': 'Percent of adults who report consuming vegetables less than one time daily', 'state': 'Connecticut'}
2024-04-14 23:27:29,563 - webserver_logger - INFO - Job 84 added to the queue
2024-04-14 23:27:29,581 - webserver_logger - INFO - Got job_id 84
2024-04-14 23:27:29,581 - webserver_logger - INFO - Got data from job_id 84
2024-04-14 23:27:29,788 - webserver_logger - INFO - Got job_id 84
2024-04-14 23:27:29,789 - webserver_logger - INFO - Got data from job_id 84
2024-04-14 23:27:29,797 - webserver_logger - INFO - Got request {'question': 'Percent of adults aged 18 years and older who have obesity', 'state': 'Oklahoma'}
2024-04-14 23:27:29,798 - webserver_logger - INFO - Job 85 added to the queue
2024-04-14 23:27:29,822 - webserver_logger - INFO - Got job_id 85
2024-04-14 23:27:29,823 - webserver_logger - INFO - Got data from job_id 85
2024-04-14 23:27:29,833 - webserver_logger - INFO - Got request {'question': 'Percent of adults who engage in muscle-strengthening activities on 2 or more days a week', 'state': 'Georgia'}
2024-04-14 23:27:29,833 - webserver_logger - INFO - Job 86 added to the queue
2024-04-14 23:27:29,852 - webserver_logger - INFO - Got job_id 86
2024-04-14 23:27:29,854 - webserver_logger - INFO - Got data from job_id 86
2024-04-14 23:27:30,063 - webserver_logger - INFO - Got job_id 86
2024-04-14 23:27:30,063 - webserver_logger - INFO - Got data from job_id 86
2024-04-14 23:27:30,073 - webserver_logger - INFO - Got request {'question': 'Percent of adults who engage in muscle-strengthening activities on 2 or more days a week', 'state': 'Wisconsin'}
2024-04-14 23:27:30,074 - webserver_logger - INFO - Job 87 added to the queue
2024-04-14 23:27:30,094 - webserver_logger - INFO - Got job_id 87
2024-04-14 23:27:30,095 - webserver_logger - INFO - Got data from job_id 87
2024-04-14 23:27:30,305 - webserver_logger - INFO - Got job_id 87
2024-04-14 23:27:30,305 - webserver_logger - INFO - Got data from job_id 87
2024-04-14 23:27:30,315 - webserver_logger - INFO - Got request {'question': 'Percent of adults aged 18 years and older who have an overweight classification', 'state': 'Wisconsin'}
2024-04-14 23:27:30,315 - webserver_logger - INFO - Job 88 added to the queue
2024-04-14 23:27:30,335 - webserver_logger - INFO - Got job_id 88
2024-04-14 23:27:30,340 - webserver_logger - INFO - Got data from job_id 88
2024-04-14 23:27:30,547 - webserver_logger - INFO - Got job_id 88
2024-04-14 23:27:30,548 - webserver_logger - INFO - Got data from job_id 88
2024-04-14 23:27:30,558 - webserver_logger - INFO - Got request {'question': 'Percent of adults aged 18 years and older who have obesity', 'state': 'Wisconsin'}
2024-04-14 23:27:30,558 - webserver_logger - INFO - Job 89 added to the queue
2024-04-14 23:27:30,578 - webserver_logger - INFO - Got job_id 89
2024-04-14 23:27:30,584 - webserver_logger - INFO - Got data from job_id 89
2024-04-14 23:27:30,794 - webserver_logger - INFO - Got job_id 89
2024-04-14 23:27:30,794 - webserver_logger - INFO - Got data from job_id 89
2024-04-14 23:27:30,804 - webserver_logger - INFO - Got request {'question': 'Percent of adults who report consuming vegetables less than one time daily', 'state': 'Wisconsin'}
2024-04-14 23:27:30,805 - webserver_logger - INFO - Job 90 added to the queue
2024-04-14 23:27:30,815 - webserver_logger - INFO - Got job_id 90
2024-04-14 23:27:30,828 - webserver_logger - INFO - Got data from job_id 90
2024-04-14 23:27:31,041 - webserver_logger - INFO - Got job_id 90
2024-04-14 23:27:31,042 - webserver_logger - INFO - Got data from job_id 90
2024-04-14 23:27:31,050 - webserver_logger - INFO - Got request {'question': 'Percent of adults who achieve at least 150 minutes a week of moderate-intensity aerobic physical activity or 75 minutes a week of vigorous-intensity aerobic physical activity and engage in muscle-strengthening activities on 2 or more days a week', 'state': 'Oklahoma'}
2024-04-14 23:27:31,051 - webserver_logger - INFO - Job 91 added to the queue
2024-04-14 23:27:31,074 - webserver_logger - INFO - Got job_id 91
2024-04-14 23:27:31,074 - webserver_logger - INFO - Got data from job_id 91
2024-04-14 23:27:31,085 - webserver_logger - INFO - Got request {'question': 'Percent of adults aged 18 years and older who have an overweight classification', 'state': 'Georgia'}
2024-04-14 23:27:31,086 - webserver_logger - INFO - Job 92 added to the queue
2024-04-14 23:27:31,100 - webserver_logger - INFO - Got job_id 92
2024-04-14 23:27:31,106 - webserver_logger - INFO - Got data from job_id 92
2024-04-14 23:27:31,318 - webserver_logger - INFO - Got job_id 92
2024-04-14 23:27:31,318 - webserver_logger - INFO - Got data from job_id 92
2024-04-14 23:27:31,330 - webserver_logger - INFO - Got request {'question': 'Percent of adults aged 18 years and older who have an overweight classification', 'state': 'Oklahoma'}
2024-04-14 23:27:31,330 - webserver_logger - INFO - Job 93 added to the queue
2024-04-14 23:27:31,355 - webserver_logger - INFO - Got job_id 93
2024-04-14 23:27:31,359 - webserver_logger - INFO - Got data from job_id 93
2024-04-14 23:27:31,570 - webserver_logger - INFO - Got job_id 93
2024-04-14 23:27:31,570 - webserver_logger - INFO - Got data from job_id 93
2024-04-14 23:27:31,580 - webserver_logger - INFO - Got request {'question': 'Percent of adults who report consuming vegetables less than one time daily', 'state': 'Oklahoma'}
2024-04-14 23:27:31,580 - webserver_logger - INFO - Job 94 added to the queue
2024-04-14 23:27:31,605 - webserver_logger - INFO - Got job_id 94
2024-04-14 23:27:31,606 - webserver_logger - INFO - Got data from job_id 94
2024-04-14 23:27:31,616 - webserver_logger - INFO - Got request {'question': 'Percent of adults aged 18 years and older who have an overweight classification', 'state': 'Connecticut'}
2024-04-14 23:27:31,617 - webserver_logger - INFO - Job 95 added to the queue
2024-04-14 23:27:31,630 - webserver_logger - INFO - Got job_id 95
2024-04-14 23:27:31,630 - webserver_logger - INFO - Got data from job_id 95
2024-04-14 23:27:31,838 - webserver_logger - INFO - Got job_id 95
2024-04-14 23:27:31,838 - webserver_logger - INFO - Got data from job_id 95
2024-04-14 23:27:31,851 - webserver_logger - INFO - Got request {'question': 'Percent of adults who achieve at least 150 minutes a week of moderate-intensity aerobic physical activity or 75 minutes a week of vigorous-intensity aerobic physical activity and engage in muscle-strengthening activities on 2 or more days a week', 'state': 'Connecticut'}
2024-04-14 23:27:31,852 - webserver_logger - INFO - Job 96 added to the queue
2024-04-14 23:27:31,872 - webserver_logger - INFO - Got job_id 96
2024-04-14 23:27:31,872 - webserver_logger - INFO - Got data from job_id 96
2024-04-14 23:27:32,082 - webserver_logger - INFO - Got job_id 96
2024-04-14 23:27:32,082 - webserver_logger - INFO - Got data from job_id 96
2024-04-14 23:27:32,095 - webserver_logger - INFO - Got request {'question': 'Percent of adults who report consuming fruit less than one time daily'}
2024-04-14 23:27:32,096 - webserver_logger - INFO - Job 97 added to the queue
2024-04-14 23:27:32,125 - webserver_logger - INFO - Got job_id 97
2024-04-14 23:27:32,125 - webserver_logger - INFO - Got data from job_id 97
2024-04-14 23:27:32,341 - webserver_logger - INFO - Got job_id 97
2024-04-14 23:27:32,342 - webserver_logger - INFO - Got data from job_id 97
2024-04-14 23:27:32,353 - webserver_logger - INFO - Got request {'question': 'Percent of adults who engage in no leisure-time physical activity'}
2024-04-14 23:27:32,354 - webserver_logger - INFO - Job 98 added to the queue
2024-04-14 23:27:32,367 - webserver_logger - INFO - Got job_id 98
2024-04-14 23:27:32,368 - webserver_logger - INFO - Got data from job_id 98
2024-04-14 23:27:32,576 - webserver_logger - INFO - Got job_id 98
2024-04-14 23:27:32,577 - webserver_logger - INFO - Got data from job_id 98
2024-04-14 23:27:32,588 - webserver_logger - INFO - Got request {'question': 'Percent of adults who achieve at least 300 minutes a week of moderate-intensity aerobic physical activity or 150 minutes a week of vigorous-intensity aerobic activity (or an equivalent combination)'}
2024-04-14 23:27:32,588 - webserver_logger - INFO - Job 99 added to the queue
2024-04-14 23:27:32,599 - webserver_logger - INFO - Got job_id 99
2024-04-14 23:27:32,599 - webserver_logger - INFO - Got data from job_id 99
2024-04-14 23:27:32,808 - webserver_logger - INFO - Got job_id 99
2024-04-14 23:27:32,808 - webserver_logger - INFO - Got data from job_id 99
2024-04-14 23:27:32,819 - webserver_logger - INFO - Got request {'question': 'Percent of adults aged 18 years and older who have obesity'}
2024-04-14 23:27:32,820 - webserver_logger - INFO - Job 100 added to the queue
2024-04-14 23:27:32,832 - webserver_logger - INFO - Got job_id 100
2024-04-14 23:27:32,832 - webserver_logger - INFO - Got data from job_id 100
2024-04-14 23:27:33,040 - webserver_logger - INFO - Got job_id 100
2024-04-14 23:27:33,041 - webserver_logger - INFO - Got data from job_id 100
2024-04-14 23:27:33,052 - webserver_logger - INFO - Got request {'question': 'Percent of adults who engage in muscle-strengthening activities on 2 or more days a week'}
2024-04-14 23:27:33,053 - webserver_logger - INFO - Job 101 added to the queue
2024-04-14 23:27:33,060 - webserver_logger - INFO - Got job_id 101
2024-04-14 23:27:33,060 - webserver_logger - INFO - Got data from job_id 101
2024-04-14 23:27:33,272 - webserver_logger - INFO - Got job_id 101
2024-04-14 23:27:33,272 - webserver_logger - INFO - Got data from job_id 101
2024-04-14 23:27:33,284 - webserver_logger - INFO - Got request {'question': 'Percent of adults who report consuming vegetables less than one time daily'}
2024-04-14 23:27:33,284 - webserver_logger - INFO - Job 102 added to the queue
2024-04-14 23:27:33,310 - webserver_logger - INFO - Got job_id 102
2024-04-14 23:27:33,316 - webserver_logger - INFO - Got data from job_id 102
2024-04-14 23:27:33,533 - webserver_logger - INFO - Got job_id 102
2024-04-14 23:27:33,533 - webserver_logger - INFO - Got data from job_id 102
2024-04-14 23:27:33,545 - webserver_logger - INFO - Got request {'question': 'Percent of adults who achieve at least 150 minutes a week of moderate-intensity aerobic physical activity or 75 minutes a week of vigorous-intensity aerobic physical activity and engage in muscle-strengthening activities on 2 or more days a week'}
2024-04-14 23:27:33,546 - webserver_logger - INFO - Job 103 added to the queue
2024-04-14 23:27:33,553 - webserver_logger - INFO - Got job_id 103
2024-04-14 23:27:33,556 - webserver_logger - INFO - Got data from job_id 103
2024-04-14 23:27:33,764 - webserver_logger - INFO - Got job_id 103
2024-04-14 23:27:33,765 - webserver_logger - INFO - Got data from job_id 103
2024-04-14 23:27:33,776 - webserver_logger - INFO - Got request {'question': 'Percent of adults aged 18 years and older who have an overweight classification'}
2024-04-14 23:27:33,777 - webserver_logger - INFO - Job 104 added to the queue
2024-04-14 23:27:33,788 - webserver_logger - INFO - Got job_id 104
2024-04-14 23:27:33,789 - webserver_logger - INFO - Got data from job_id 104
2024-04-14 23:27:34,000 - webserver_logger - INFO - Got job_id 104
2024-04-14 23:27:34,001 - webserver_logger - INFO - Got data from job_id 104
2024-04-14 23:27:34,012 - webserver_logger - INFO - Got request {'question': 'Percent of adults who achieve at least 150 minutes a week of moderate-intensity aerobic physical activity or 75 minutes a week of vigorous-intensity aerobic activity (or an equivalent combination)'}
2024-04-14 23:27:34,012 - webserver_logger - INFO - Job 105 added to the queue
2024-04-14 23:27:34,024 - webserver_logger - INFO - Got job_id 105
2024-04-14 23:27:34,025 - webserver_logger - INFO - Got data from job_id 105
2024-04-14 23:27:34,237 - webserver_logger - INFO - Got job_id 105
2024-04-14 23:27:34,238 - webserver_logger - INFO - Got data from job_id 105
2024-04-14 23:27:34,254 - webserver_logger - INFO - Got request {'question': 'Percent of adults who report consuming fruit less than one time daily'}
2024-04-14 23:27:34,254 - webserver_logger - INFO - Job 106 added to the queue
2024-04-14 23:27:34,272 - webserver_logger - INFO - Got job_id 106
2024-04-14 23:27:34,285 - webserver_logger - INFO - Got data from job_id 106
2024-04-14 23:27:34,498 - webserver_logger - INFO - Got job_id 106
2024-04-14 23:27:34,498 - webserver_logger - INFO - Got data from job_id 106
2024-04-14 23:27:34,506 - webserver_logger - INFO - Got request {'question': 'Percent of adults who engage in no leisure-time physical activity'}
2024-04-14 23:27:34,507 - webserver_logger - INFO - Job 107 added to the queue
2024-04-14 23:27:34,518 - webserver_logger - INFO - Got job_id 107
2024-04-14 23:27:34,519 - webserver_logger - INFO - Got data from job_id 107
2024-04-14 23:27:34,729 - webserver_logger - INFO - Got job_id 107
2024-04-14 23:27:34,729 - webserver_logger - INFO - Got data from job_id 107
2024-04-14 23:27:34,737 - webserver_logger - INFO - Got request {'question': 'Percent of adults who achieve at least 300 minutes a week of moderate-intensity aerobic physical activity or 150 minutes a week of vigorous-intensity aerobic activity (or an equivalent combination)'}
2024-04-14 23:27:34,737 - webserver_logger - INFO - Job 108 added to the queue
2024-04-14 23:27:34,744 - webserver_logger - INFO - Got job_id 108
2024-04-14 23:27:34,747 - webserver_logger - INFO - Got data from job_id 108
2024-04-14 23:27:34,956 - webserver_logger - INFO - Got job_id 108
2024-04-14 23:27:34,956 - webserver_logger - INFO - Got data from job_id 108
2024-04-14 23:27:34,964 - webserver_logger - INFO - Got request {'question': 'Percent of adults aged 18 years and older who have obesity'}
2024-04-14 23:27:34,964 - webserver_logger - INFO - Job 109 added to the queue
2024-04-14 23:27:34,997 - webserver_logger - INFO - Got job_id 109
2024-04-14 23:27:35,005 - webserver_logger - INFO - Got data from job_id 109
2024-04-14 23:27:35,213 - webserver_logger - INFO - Got job_id 109
2024-04-14 23:27:35,213 - webserver_logger - INFO - Got data from job_id 109
2024-04-14 23:27:35,221 - webserver_logger - INFO - Got request {'question': 'Percent of adults who engage in muscle-strengthening activities on 2 or more days a week'}
2024-04-14 23:27:35,221 - webserver_logger - INFO - Job 110 added to the queue
2024-04-14 23:27:35,230 - webserver_logger - INFO - Got job_id 110
2024-04-14 23:27:35,231 - webserver_logger - INFO - Got data from job_id 110
2024-04-14 23:27:35,443 - webserver_logger - INFO - Got job_id 110
2024-04-14 23:27:35,443 - webserver_logger - INFO - Got data from job_id 110
2024-04-14 23:27:35,451 - webserver_logger - INFO - Got request {'question': 'Percent of adults who report consuming vegetables less than one time daily'}
2024-04-14 23:27:35,451 - webserver_logger - INFO - Job 111 added to the queue
2024-04-14 23:27:35,463 - webserver_logger - INFO - Got job_id 111
2024-04-14 23:27:35,471 - webserver_logger - INFO - Got data from job_id 111
2024-04-14 23:27:35,692 - webserver_logger - INFO - Got job_id 111
2024-04-14 23:27:35,692 - webserver_logger - INFO - Got data from job_id 111
2024-04-14 23:27:35,700 - webserver_logger - INFO - Got request {'question': 'Percent of adults who achieve at least 150 minutes a week of moderate-intensity aerobic physical activity or 75 minutes a week of vigorous-intensity aerobic physical activity and engage in muscle-strengthening activities on 2 or more days a week'}
2024-04-14 23:27:35,700 - webserver_logger - INFO - Job 112 added to the queue
2024-04-14 23:27:35,711 - webserver_logger - INFO - Got job_id 112
2024-04-14 23:27:35,713 - webserver_logger - INFO - Got data from job_id 112
2024-04-14 23:27:35,926 - webserver_logger - INFO - Got job_id 112
2024-04-14 23:27:35,926 - webserver_logger - INFO - Got data from job_id 112
2024-04-14 23:27:35,934 - webserver_logger - INFO - Got request {'question': 'Percent of adults aged 18 years and older who have an overweight classification'}
2024-04-14 23:27:35,934 - webserver_logger - INFO - Job 113 added to the queue
2024-04-14 23:27:35,946 - webserver_logger - INFO - Got job_id 113
2024-04-14 23:27:35,946 - webserver_logger - INFO - Got data from job_id 113
2024-04-14 23:27:36,154 - webserver_logger - INFO - Got job_id 113
2024-04-14 23:27:36,154 - webserver_logger - INFO - Got data from job_id 113
2024-04-14 23:27:36,162 - webserver_logger - INFO - Got request {'question': 'Percent of adults who achieve at least 150 minutes a week of moderate-intensity aerobic physical activity or 75 minutes a week of vigorous-intensity aerobic activity (or an equivalent combination)'}
2024-04-14 23:27:36,162 - webserver_logger - INFO - Job 114 added to the queue
2024-04-14 23:27:36,173 - webserver_logger - INFO - Got job_id 114
2024-04-14 23:27:36,174 - webserver_logger - INFO - Got data from job_id 114
2024-04-14 23:27:36,382 - webserver_logger - INFO - Got job_id 114
2024-04-14 23:27:36,382 - webserver_logger - INFO - Got data from job_id 114
